2024-11-08T10:32:24.099+08:00  INFO 22048 --- [springboot-mvc] [main] c.example.demo.SpringbootMvcApplication  : Starting SpringbootMvcApplication using Java 21.0.4 with PID 22048 (C:\mymy\Eclipse_project\springboot-mvc\target\classes started by pc in C:\mymy\Eclipse_project\springboot-mvc)
2024-11-08T10:32:24.100+08:00  INFO 22048 --- [springboot-mvc] [main] c.example.demo.SpringbootMvcApplication  : No active profile set, falling back to 1 default profile: "default"
2024-11-08T10:32:24.595+08:00  INFO 22048 --- [springboot-mvc] [main] .s.d.r.c.RepositoryConfigurationDelegate : Bootstrapping Spring Data JDBC repositories in DEFAULT mode.
2024-11-08T10:32:24.609+08:00  INFO 22048 --- [springboot-mvc] [main] .s.d.r.c.RepositoryConfigurationDelegate : Finished Spring Data repository scanning in 11 ms. Found 0 JDBC repository interfaces.
2024-11-08T10:32:24.951+08:00  INFO 22048 --- [springboot-mvc] [main] o.s.b.w.embedded.tomcat.TomcatWebServer  : Tomcat initialized with port 8080 (http)
2024-11-08T10:32:24.963+08:00  INFO 22048 --- [springboot-mvc] [main] o.apache.catalina.core.StandardService   : Starting service [Tomcat]
2024-11-08T10:32:24.964+08:00  INFO 22048 --- [springboot-mvc] [main] o.apache.catalina.core.StandardEngine    : Starting Servlet engine: [Apache Tomcat/10.1.31]
2024-11-08T10:32:25.137+08:00  INFO 22048 --- [springboot-mvc] [main] org.apache.jasper.servlet.TldScanner     : At least one JAR was scanned for TLDs yet contained no TLDs. Enable debug logging for this logger for a complete list of JARs that were scanned but no TLDs were found in them. Skipping unneeded JARs during scanning can improve startup time and JSP compilation time.
2024-11-08T10:32:25.145+08:00  INFO 22048 --- [springboot-mvc] [main] o.a.c.c.C.[Tomcat].[localhost].[/]       : Initializing Spring embedded WebApplicationContext
2024-11-08T10:32:25.146+08:00  INFO 22048 --- [springboot-mvc] [main] w.s.c.ServletWebServerApplicationContext : Root WebApplicationContext: initialization completed in 1009 ms
2024-11-08T10:32:25.229+08:00  INFO 22048 --- [springboot-mvc] [main] o.s.b.a.w.s.WelcomePageHandlerMapping    : Adding welcome page: class path resource [static/index.html]
2024-11-08T10:32:25.465+08:00  INFO 22048 --- [springboot-mvc] [main] com.zaxxer.hikari.HikariDataSource       : HikariPool-1 - Starting...
2024-11-08T10:32:25.577+08:00  INFO 22048 --- [springboot-mvc] [main] com.zaxxer.hikari.pool.HikariPool        : HikariPool-1 - Added connection com.mysql.cj.jdbc.ConnectionImpl@37c7766e
2024-11-08T10:32:25.579+08:00  INFO 22048 --- [springboot-mvc] [main] com.zaxxer.hikari.HikariDataSource       : HikariPool-1 - Start completed.
2024-11-08T10:32:25.727+08:00  INFO 22048 --- [springboot-mvc] [main] o.s.b.w.embedded.tomcat.TomcatWebServer  : Tomcat started on port 8080 (http) with context path '/'
2024-11-08T10:32:25.732+08:00  INFO 22048 --- [springboot-mvc] [main] c.example.demo.SpringbootMvcApplication  : Started SpringbootMvcApplication in 1.961 seconds (process running for 2.562)
2024-11-08T10:33:22.688+08:00  INFO 22048 --- [springboot-mvc] [http-nio-8080-exec-1] o.a.c.c.C.[Tomcat].[localhost].[/]       : Initializing Spring DispatcherServlet 'dispatcherServlet'
2024-11-08T10:33:22.688+08:00  INFO 22048 --- [springboot-mvc] [http-nio-8080-exec-1] o.s.web.servlet.DispatcherServlet        : Initializing Servlet 'dispatcherServlet'
2024-11-08T10:33:22.689+08:00  INFO 22048 --- [springboot-mvc] [http-nio-8080-exec-1] o.s.web.servlet.DispatcherServlet        : Completed initialization in 1 ms
2024-11-08T10:33:22.712+08:00  INFO 22048 --- [springboot-mvc] [http-nio-8080-exec-1] c.example.demo.controller.ApiController  : 這是一條日誌訊息
2024-11-08T10:53:42.108+08:00  INFO 22048 --- [springboot-mvc] [RMI TCP Connection(31)-127.0.0.1] inMXBeanRegistrar$SpringApplicationAdmin : Application shutdown requested.
2024-11-08T10:53:42.118+08:00  INFO 22048 --- [springboot-mvc] [RMI TCP Connection(31)-127.0.0.1] com.zaxxer.hikari.HikariDataSource       : HikariPool-1 - Shutdown initiated...
2024-11-08T10:53:42.127+08:00  INFO 22048 --- [springboot-mvc] [RMI TCP Connection(31)-127.0.0.1] com.zaxxer.hikari.HikariDataSource       : HikariPool-1 - Shutdown completed.
