2024-12-02T12:45:33.694+08:00  INFO 11272 --- [springmvc] [main] .e.d.SpringbootScootersRentalApplication : Starting SpringbootScootersRentalApplication using Java 21.0.4 with PID 11272 (C:\Users\pc\git\Eclipse_project\springboot-scooters-rental\target\classes started by pc in C:\Users\pc\git\Eclipse_project\springboot-scooters-rental)
2024-12-02T12:45:33.703+08:00  INFO 11272 --- [springmvc] [main] .e.d.SpringbootScootersRentalApplication : No active profile set, falling back to 1 default profile: "default"
2024-12-02T12:45:34.504+08:00  INFO 11272 --- [springmvc] [main] .s.d.r.c.RepositoryConfigurationDelegate : Multiple Spring Data modules found, entering strict repository configuration mode
2024-12-02T12:45:34.505+08:00  INFO 11272 --- [springmvc] [main] .s.d.r.c.RepositoryConfigurationDelegate : Bootstrapping Spring Data JDBC repositories in DEFAULT mode.
2024-12-02T12:45:34.540+08:00  INFO 11272 --- [springmvc] [main] .RepositoryConfigurationExtensionSupport : Spring Data JDBC - Could not safely identify store assignment for repository candidate interface com.example.demo.repository.backend.ScooterRepository; If you want this repository to be a JDBC repository, consider annotating your entities with one of these annotations: org.springframework.data.relational.core.mapping.Table.
2024-12-02T12:45:34.542+08:00  INFO 11272 --- [springmvc] [main] .RepositoryConfigurationExtensionSupport : Spring Data JDBC - Could not safely identify store assignment for repository candidate interface com.example.demo.repository.backend.UserRepository; If you want this repository to be a JDBC repository, consider annotating your entities with one of these annotations: org.springframework.data.relational.core.mapping.Table.
2024-12-02T12:45:34.542+08:00  INFO 11272 --- [springmvc] [main] .s.d.r.c.RepositoryConfigurationDelegate : Finished Spring Data repository scanning in 32 ms. Found 0 JDBC repository interfaces.
2024-12-02T12:45:34.553+08:00  INFO 11272 --- [springmvc] [main] .s.d.r.c.RepositoryConfigurationDelegate : Multiple Spring Data modules found, entering strict repository configuration mode
2024-12-02T12:45:34.554+08:00  INFO 11272 --- [springmvc] [main] .s.d.r.c.RepositoryConfigurationDelegate : Bootstrapping Spring Data JPA repositories in DEFAULT mode.
2024-12-02T12:45:34.592+08:00  INFO 11272 --- [springmvc] [main] .s.d.r.c.RepositoryConfigurationDelegate : Finished Spring Data repository scanning in 33 ms. Found 2 JPA repository interfaces.
2024-12-02T12:45:35.131+08:00  INFO 11272 --- [springmvc] [main] o.s.b.w.embedded.tomcat.TomcatWebServer  : Tomcat initialized with port 8086 (http)
2024-12-02T12:45:35.147+08:00  INFO 11272 --- [springmvc] [main] o.apache.catalina.core.StandardService   : Starting service [Tomcat]
2024-12-02T12:45:35.148+08:00  INFO 11272 --- [springmvc] [main] o.apache.catalina.core.StandardEngine    : Starting Servlet engine: [Apache Tomcat/10.1.33]
2024-12-02T12:45:35.339+08:00  INFO 11272 --- [springmvc] [main] org.apache.jasper.servlet.TldScanner     : At least one JAR was scanned for TLDs yet contained no TLDs. Enable debug logging for this logger for a complete list of JARs that were scanned but no TLDs were found in them. Skipping unneeded JARs during scanning can improve startup time and JSP compilation time.
2024-12-02T12:45:35.343+08:00  INFO 11272 --- [springmvc] [main] o.a.c.c.C.[Tomcat].[localhost].[/]       : Initializing Spring embedded WebApplicationContext
2024-12-02T12:45:35.344+08:00  INFO 11272 --- [springmvc] [main] w.s.c.ServletWebServerApplicationContext : Root WebApplicationContext: initialization completed in 1602 ms
2024-12-02T12:45:35.503+08:00  INFO 11272 --- [springmvc] [main] o.hibernate.jpa.internal.util.LogHelper  : HHH000204: Processing PersistenceUnitInfo [name: default]
2024-12-02T12:45:35.574+08:00  INFO 11272 --- [springmvc] [main] org.hibernate.Version                    : HHH000412: Hibernate ORM core version 6.5.3.Final
2024-12-02T12:45:35.617+08:00  INFO 11272 --- [springmvc] [main] o.h.c.internal.RegionFactoryInitiator    : HHH000026: Second-level cache disabled
2024-12-02T12:45:35.944+08:00  INFO 11272 --- [springmvc] [main] o.s.o.j.p.SpringPersistenceUnitInfo      : No LoadTimeWeaver setup: ignoring JPA class transformer
2024-12-02T12:45:35.986+08:00  INFO 11272 --- [springmvc] [main] com.zaxxer.hikari.HikariDataSource       : HikariPool-1 - Starting...
2024-12-02T12:45:36.166+08:00  INFO 11272 --- [springmvc] [main] com.zaxxer.hikari.pool.HikariPool        : HikariPool-1 - Added connection com.mysql.cj.jdbc.ConnectionImpl@7b3c2ae0
2024-12-02T12:45:36.168+08:00  INFO 11272 --- [springmvc] [main] com.zaxxer.hikari.HikariDataSource       : HikariPool-1 - Start completed.
2024-12-02T12:45:37.455+08:00  INFO 11272 --- [springmvc] [main] o.h.e.t.j.p.i.JtaPlatformInitiator       : HHH000489: No JTA platform available (set 'hibernate.transaction.jta.platform' to enable JTA platform integration)
2024-12-02T12:45:37.739+08:00  INFO 11272 --- [springmvc] [main] j.LocalContainerEntityManagerFactoryBean : Initialized JPA EntityManagerFactory for persistence unit 'default'
2024-12-02T12:45:38.120+08:00  WARN 11272 --- [springmvc] [main] JpaBaseConfiguration$JpaWebConfiguration : spring.jpa.open-in-view is enabled by default. Therefore, database queries may be performed during view rendering. Explicitly configure spring.jpa.open-in-view to disable this warning
2024-12-02T12:45:38.138+08:00  WARN 11272 --- [springmvc] [main] .s.s.UserDetailsServiceAutoConfiguration : 

Using generated security password: 0d61a5cf-05dd-4e74-89d0-9434c0cfe0a4

This generated password is for development use only. Your security configuration must be updated before running your application in production.

2024-12-02T12:45:38.145+08:00  INFO 11272 --- [springmvc] [main] r$InitializeUserDetailsManagerConfigurer : Global AuthenticationManager configured with UserDetailsService bean with name inMemoryUserDetailsManager
2024-12-02T12:45:39.873+08:00  INFO 11272 --- [springmvc] [main] o.s.b.w.embedded.tomcat.TomcatWebServer  : Tomcat started on port 8086 (http) with context path '/'
2024-12-02T12:45:39.878+08:00  INFO 11272 --- [springmvc] [main] .e.d.SpringbootScootersRentalApplication : Started SpringbootScootersRentalApplication in 6.632 seconds (process running for 7.418)
2024-12-02T12:46:16.186+08:00  INFO 11272 --- [springmvc] [http-nio-8086-exec-2] o.a.c.c.C.[Tomcat].[localhost].[/]       : Initializing Spring DispatcherServlet 'dispatcherServlet'
2024-12-02T12:46:16.187+08:00  INFO 11272 --- [springmvc] [http-nio-8086-exec-2] o.s.web.servlet.DispatcherServlet        : Initializing Servlet 'dispatcherServlet'
2024-12-02T12:46:16.187+08:00  INFO 11272 --- [springmvc] [http-nio-8086-exec-2] o.s.web.servlet.DispatcherServlet        : Completed initialization in 0 ms
2024-12-02T12:47:56.005+08:00  INFO 11272 --- [springmvc] [RMI TCP Connection(13)-127.0.0.1] inMXBeanRegistrar$SpringApplicationAdmin : Application shutdown requested.
2024-12-02T12:47:56.022+08:00  INFO 11272 --- [springmvc] [RMI TCP Connection(13)-127.0.0.1] j.LocalContainerEntityManagerFactoryBean : Closing JPA EntityManagerFactory for persistence unit 'default'
2024-12-02T12:47:56.022+08:00  INFO 11272 --- [springmvc] [RMI TCP Connection(13)-127.0.0.1] com.zaxxer.hikari.HikariDataSource       : HikariPool-1 - Shutdown initiated...
2024-12-02T12:47:56.039+08:00  INFO 11272 --- [springmvc] [RMI TCP Connection(13)-127.0.0.1] com.zaxxer.hikari.HikariDataSource       : HikariPool-1 - Shutdown completed.
2024-12-02T12:47:59.996+08:00  INFO 4276 --- [springmvc] [main] .e.d.SpringbootScootersRentalApplication : Starting SpringbootScootersRentalApplication using Java 21.0.4 with PID 4276 (C:\Users\pc\git\Eclipse_project\springboot-scooters-rental\target\classes started by pc in C:\Users\pc\git\Eclipse_project\springboot-scooters-rental)
2024-12-02T12:47:59.997+08:00  INFO 4276 --- [springmvc] [main] .e.d.SpringbootScootersRentalApplication : No active profile set, falling back to 1 default profile: "default"
2024-12-02T12:48:00.469+08:00  INFO 4276 --- [springmvc] [main] .s.d.r.c.RepositoryConfigurationDelegate : Multiple Spring Data modules found, entering strict repository configuration mode
2024-12-02T12:48:00.470+08:00  INFO 4276 --- [springmvc] [main] .s.d.r.c.RepositoryConfigurationDelegate : Bootstrapping Spring Data JDBC repositories in DEFAULT mode.
2024-12-02T12:48:00.499+08:00  INFO 4276 --- [springmvc] [main] .RepositoryConfigurationExtensionSupport : Spring Data JDBC - Could not safely identify store assignment for repository candidate interface com.example.demo.repository.backend.ScooterRepository; If you want this repository to be a JDBC repository, consider annotating your entities with one of these annotations: org.springframework.data.relational.core.mapping.Table.
2024-12-02T12:48:00.500+08:00  INFO 4276 --- [springmvc] [main] .RepositoryConfigurationExtensionSupport : Spring Data JDBC - Could not safely identify store assignment for repository candidate interface com.example.demo.repository.backend.UserRepository; If you want this repository to be a JDBC repository, consider annotating your entities with one of these annotations: org.springframework.data.relational.core.mapping.Table.
2024-12-02T12:48:00.501+08:00  INFO 4276 --- [springmvc] [main] .s.d.r.c.RepositoryConfigurationDelegate : Finished Spring Data repository scanning in 28 ms. Found 0 JDBC repository interfaces.
2024-12-02T12:48:00.509+08:00  INFO 4276 --- [springmvc] [main] .s.d.r.c.RepositoryConfigurationDelegate : Multiple Spring Data modules found, entering strict repository configuration mode
2024-12-02T12:48:00.510+08:00  INFO 4276 --- [springmvc] [main] .s.d.r.c.RepositoryConfigurationDelegate : Bootstrapping Spring Data JPA repositories in DEFAULT mode.
2024-12-02T12:48:00.536+08:00  INFO 4276 --- [springmvc] [main] .s.d.r.c.RepositoryConfigurationDelegate : Finished Spring Data repository scanning in 24 ms. Found 2 JPA repository interfaces.
2024-12-02T12:48:00.884+08:00  INFO 4276 --- [springmvc] [main] o.s.b.w.embedded.tomcat.TomcatWebServer  : Tomcat initialized with port 8086 (http)
2024-12-02T12:48:00.894+08:00  INFO 4276 --- [springmvc] [main] o.apache.catalina.core.StandardService   : Starting service [Tomcat]
2024-12-02T12:48:00.894+08:00  INFO 4276 --- [springmvc] [main] o.apache.catalina.core.StandardEngine    : Starting Servlet engine: [Apache Tomcat/10.1.33]
2024-12-02T12:48:01.006+08:00  INFO 4276 --- [springmvc] [main] org.apache.jasper.servlet.TldScanner     : At least one JAR was scanned for TLDs yet contained no TLDs. Enable debug logging for this logger for a complete list of JARs that were scanned but no TLDs were found in them. Skipping unneeded JARs during scanning can improve startup time and JSP compilation time.
2024-12-02T12:48:01.009+08:00  INFO 4276 --- [springmvc] [main] o.a.c.c.C.[Tomcat].[localhost].[/]       : Initializing Spring embedded WebApplicationContext
2024-12-02T12:48:01.009+08:00  INFO 4276 --- [springmvc] [main] w.s.c.ServletWebServerApplicationContext : Root WebApplicationContext: initialization completed in 976 ms
2024-12-02T12:48:01.111+08:00  INFO 4276 --- [springmvc] [main] o.hibernate.jpa.internal.util.LogHelper  : HHH000204: Processing PersistenceUnitInfo [name: default]
2024-12-02T12:48:01.154+08:00  INFO 4276 --- [springmvc] [main] org.hibernate.Version                    : HHH000412: Hibernate ORM core version 6.5.3.Final
2024-12-02T12:48:01.177+08:00  INFO 4276 --- [springmvc] [main] o.h.c.internal.RegionFactoryInitiator    : HHH000026: Second-level cache disabled
2024-12-02T12:48:01.367+08:00  INFO 4276 --- [springmvc] [main] o.s.o.j.p.SpringPersistenceUnitInfo      : No LoadTimeWeaver setup: ignoring JPA class transformer
2024-12-02T12:48:01.387+08:00  INFO 4276 --- [springmvc] [main] com.zaxxer.hikari.HikariDataSource       : HikariPool-1 - Starting...
2024-12-02T12:48:01.485+08:00  INFO 4276 --- [springmvc] [main] com.zaxxer.hikari.pool.HikariPool        : HikariPool-1 - Added connection com.mysql.cj.jdbc.ConnectionImpl@4aeaff64
2024-12-02T12:48:01.486+08:00  INFO 4276 --- [springmvc] [main] com.zaxxer.hikari.HikariDataSource       : HikariPool-1 - Start completed.
2024-12-02T12:48:02.224+08:00  INFO 4276 --- [springmvc] [main] o.h.e.t.j.p.i.JtaPlatformInitiator       : HHH000489: No JTA platform available (set 'hibernate.transaction.jta.platform' to enable JTA platform integration)
2024-12-02T12:48:02.322+08:00  INFO 4276 --- [springmvc] [main] j.LocalContainerEntityManagerFactoryBean : Initialized JPA EntityManagerFactory for persistence unit 'default'
2024-12-02T12:48:02.587+08:00  WARN 4276 --- [springmvc] [main] JpaBaseConfiguration$JpaWebConfiguration : spring.jpa.open-in-view is enabled by default. Therefore, database queries may be performed during view rendering. Explicitly configure spring.jpa.open-in-view to disable this warning
2024-12-02T12:48:02.598+08:00  WARN 4276 --- [springmvc] [main] .s.s.UserDetailsServiceAutoConfiguration : 

Using generated security password: 3d80425e-4ced-429b-bb78-eb9b6697817d

This generated password is for development use only. Your security configuration must be updated before running your application in production.

2024-12-02T12:48:02.603+08:00  INFO 4276 --- [springmvc] [main] r$InitializeUserDetailsManagerConfigurer : Global AuthenticationManager configured with UserDetailsService bean with name inMemoryUserDetailsManager
2024-12-02T12:48:02.984+08:00  INFO 4276 --- [springmvc] [main] o.s.b.w.embedded.tomcat.TomcatWebServer  : Tomcat started on port 8086 (http) with context path '/'
2024-12-02T12:48:02.990+08:00  INFO 4276 --- [springmvc] [main] .e.d.SpringbootScootersRentalApplication : Started SpringbootScootersRentalApplication in 3.259 seconds (process running for 3.671)
2024-12-02T12:53:44.698+08:00  INFO 4276 --- [springmvc] [RMI TCP Connection(15)-127.0.0.1] inMXBeanRegistrar$SpringApplicationAdmin : Application shutdown requested.
2024-12-02T12:53:44.710+08:00  INFO 4276 --- [springmvc] [RMI TCP Connection(15)-127.0.0.1] j.LocalContainerEntityManagerFactoryBean : Closing JPA EntityManagerFactory for persistence unit 'default'
2024-12-02T12:53:44.711+08:00  INFO 4276 --- [springmvc] [RMI TCP Connection(15)-127.0.0.1] com.zaxxer.hikari.HikariDataSource       : HikariPool-1 - Shutdown initiated...
2024-12-02T12:53:44.716+08:00  INFO 4276 --- [springmvc] [RMI TCP Connection(15)-127.0.0.1] com.zaxxer.hikari.HikariDataSource       : HikariPool-1 - Shutdown completed.
2024-12-02T12:56:21.148+08:00  INFO 28440 --- [springmvc] [main] .e.d.SpringbootScootersRentalApplication : Starting SpringbootScootersRentalApplication using Java 21.0.4 with PID 28440 (C:\Users\pc\git\Eclipse_project\springboot-scooters-rental\target\classes started by pc in C:\Users\pc\git\Eclipse_project\springboot-scooters-rental)
2024-12-02T12:56:21.150+08:00  INFO 28440 --- [springmvc] [main] .e.d.SpringbootScootersRentalApplication : No active profile set, falling back to 1 default profile: "default"
2024-12-02T12:56:21.613+08:00  INFO 28440 --- [springmvc] [main] .s.d.r.c.RepositoryConfigurationDelegate : Multiple Spring Data modules found, entering strict repository configuration mode
2024-12-02T12:56:21.615+08:00  INFO 28440 --- [springmvc] [main] .s.d.r.c.RepositoryConfigurationDelegate : Bootstrapping Spring Data JDBC repositories in DEFAULT mode.
2024-12-02T12:56:21.641+08:00  INFO 28440 --- [springmvc] [main] .RepositoryConfigurationExtensionSupport : Spring Data JDBC - Could not safely identify store assignment for repository candidate interface com.example.demo.repository.backend.ScooterRepository; If you want this repository to be a JDBC repository, consider annotating your entities with one of these annotations: org.springframework.data.relational.core.mapping.Table.
2024-12-02T12:56:21.643+08:00  INFO 28440 --- [springmvc] [main] .RepositoryConfigurationExtensionSupport : Spring Data JDBC - Could not safely identify store assignment for repository candidate interface com.example.demo.repository.backend.UserRepository; If you want this repository to be a JDBC repository, consider annotating your entities with one of these annotations: org.springframework.data.relational.core.mapping.Table.
2024-12-02T12:56:21.643+08:00  INFO 28440 --- [springmvc] [main] .s.d.r.c.RepositoryConfigurationDelegate : Finished Spring Data repository scanning in 24 ms. Found 0 JDBC repository interfaces.
2024-12-02T12:56:21.652+08:00  INFO 28440 --- [springmvc] [main] .s.d.r.c.RepositoryConfigurationDelegate : Multiple Spring Data modules found, entering strict repository configuration mode
2024-12-02T12:56:21.652+08:00  INFO 28440 --- [springmvc] [main] .s.d.r.c.RepositoryConfigurationDelegate : Bootstrapping Spring Data JPA repositories in DEFAULT mode.
2024-12-02T12:56:21.678+08:00  INFO 28440 --- [springmvc] [main] .s.d.r.c.RepositoryConfigurationDelegate : Finished Spring Data repository scanning in 23 ms. Found 2 JPA repository interfaces.
2024-12-02T12:56:22.028+08:00  INFO 28440 --- [springmvc] [main] o.s.b.w.embedded.tomcat.TomcatWebServer  : Tomcat initialized with port 8086 (http)
2024-12-02T12:56:22.038+08:00  INFO 28440 --- [springmvc] [main] o.apache.catalina.core.StandardService   : Starting service [Tomcat]
2024-12-02T12:56:22.039+08:00  INFO 28440 --- [springmvc] [main] o.apache.catalina.core.StandardEngine    : Starting Servlet engine: [Apache Tomcat/10.1.33]
2024-12-02T12:56:22.162+08:00  INFO 28440 --- [springmvc] [main] org.apache.jasper.servlet.TldScanner     : At least one JAR was scanned for TLDs yet contained no TLDs. Enable debug logging for this logger for a complete list of JARs that were scanned but no TLDs were found in them. Skipping unneeded JARs during scanning can improve startup time and JSP compilation time.
2024-12-02T12:56:22.165+08:00  INFO 28440 --- [springmvc] [main] o.a.c.c.C.[Tomcat].[localhost].[/]       : Initializing Spring embedded WebApplicationContext
2024-12-02T12:56:22.165+08:00  INFO 28440 --- [springmvc] [main] w.s.c.ServletWebServerApplicationContext : Root WebApplicationContext: initialization completed in 986 ms
2024-12-02T12:56:22.263+08:00  INFO 28440 --- [springmvc] [main] o.hibernate.jpa.internal.util.LogHelper  : HHH000204: Processing PersistenceUnitInfo [name: default]
2024-12-02T12:56:22.304+08:00  INFO 28440 --- [springmvc] [main] org.hibernate.Version                    : HHH000412: Hibernate ORM core version 6.5.3.Final
2024-12-02T12:56:22.332+08:00  INFO 28440 --- [springmvc] [main] o.h.c.internal.RegionFactoryInitiator    : HHH000026: Second-level cache disabled
2024-12-02T12:56:22.534+08:00  INFO 28440 --- [springmvc] [main] o.s.o.j.p.SpringPersistenceUnitInfo      : No LoadTimeWeaver setup: ignoring JPA class transformer
2024-12-02T12:56:22.556+08:00  INFO 28440 --- [springmvc] [main] com.zaxxer.hikari.HikariDataSource       : HikariPool-1 - Starting...
2024-12-02T12:56:22.656+08:00  INFO 28440 --- [springmvc] [main] com.zaxxer.hikari.pool.HikariPool        : HikariPool-1 - Added connection com.mysql.cj.jdbc.ConnectionImpl@2f5f5bc9
2024-12-02T12:56:22.661+08:00  INFO 28440 --- [springmvc] [main] com.zaxxer.hikari.HikariDataSource       : HikariPool-1 - Start completed.
2024-12-02T12:56:23.401+08:00  INFO 28440 --- [springmvc] [main] o.h.e.t.j.p.i.JtaPlatformInitiator       : HHH000489: No JTA platform available (set 'hibernate.transaction.jta.platform' to enable JTA platform integration)
2024-12-02T12:56:23.494+08:00  INFO 28440 --- [springmvc] [main] j.LocalContainerEntityManagerFactoryBean : Initialized JPA EntityManagerFactory for persistence unit 'default'
2024-12-02T12:56:23.766+08:00  WARN 28440 --- [springmvc] [main] JpaBaseConfiguration$JpaWebConfiguration : spring.jpa.open-in-view is enabled by default. Therefore, database queries may be performed during view rendering. Explicitly configure spring.jpa.open-in-view to disable this warning
2024-12-02T12:56:23.782+08:00  INFO 28440 --- [springmvc] [main] r$InitializeUserDetailsManagerConfigurer : Global AuthenticationManager configured with UserDetailsService bean with name inMemoryUserDetailsManager
2024-12-02T12:56:24.166+08:00  INFO 28440 --- [springmvc] [main] o.s.b.w.embedded.tomcat.TomcatWebServer  : Tomcat started on port 8086 (http) with context path '/'
2024-12-02T12:56:24.172+08:00  INFO 28440 --- [springmvc] [main] .e.d.SpringbootScootersRentalApplication : Started SpringbootScootersRentalApplication in 3.272 seconds (process running for 3.651)
2024-12-02T12:56:29.489+08:00  INFO 28440 --- [springmvc] [http-nio-8086-exec-1] o.a.c.c.C.[Tomcat].[localhost].[/]       : Initializing Spring DispatcherServlet 'dispatcherServlet'
2024-12-02T12:56:29.490+08:00  INFO 28440 --- [springmvc] [http-nio-8086-exec-1] o.s.web.servlet.DispatcherServlet        : Initializing Servlet 'dispatcherServlet'
2024-12-02T12:56:29.490+08:00  INFO 28440 --- [springmvc] [http-nio-8086-exec-1] o.s.web.servlet.DispatcherServlet        : Completed initialization in 0 ms
2024-12-02T12:56:36.294+08:00  WARN 28440 --- [springmvc] [http-nio-8086-exec-4] o.s.s.c.bcrypt.BCryptPasswordEncoder     : Encoded password does not look like BCrypt
2024-12-02T12:57:02.022+08:00  WARN 28440 --- [springmvc] [http-nio-8086-exec-9] o.s.s.c.bcrypt.BCryptPasswordEncoder     : Encoded password does not look like BCrypt
2024-12-02T12:59:23.259+08:00  INFO 28440 --- [springmvc] [RMI TCP Connection(10)-127.0.0.1] inMXBeanRegistrar$SpringApplicationAdmin : Application shutdown requested.
2024-12-02T12:59:23.270+08:00  INFO 28440 --- [springmvc] [RMI TCP Connection(10)-127.0.0.1] j.LocalContainerEntityManagerFactoryBean : Closing JPA EntityManagerFactory for persistence unit 'default'
2024-12-02T12:59:23.272+08:00  INFO 28440 --- [springmvc] [RMI TCP Connection(10)-127.0.0.1] com.zaxxer.hikari.HikariDataSource       : HikariPool-1 - Shutdown initiated...
2024-12-02T12:59:23.276+08:00  INFO 28440 --- [springmvc] [RMI TCP Connection(10)-127.0.0.1] com.zaxxer.hikari.HikariDataSource       : HikariPool-1 - Shutdown completed.
2024-12-02T12:59:41.006+08:00  INFO 3092 --- [springmvc] [main] .e.d.SpringbootScootersRentalApplication : Starting SpringbootScootersRentalApplication using Java 21.0.4 with PID 3092 (C:\Users\pc\git\Eclipse_project\springboot-scooters-rental\target\classes started by pc in C:\Users\pc\git\Eclipse_project\springboot-scooters-rental)
2024-12-02T12:59:41.007+08:00  INFO 3092 --- [springmvc] [main] .e.d.SpringbootScootersRentalApplication : No active profile set, falling back to 1 default profile: "default"
2024-12-02T12:59:41.494+08:00  INFO 3092 --- [springmvc] [main] .s.d.r.c.RepositoryConfigurationDelegate : Multiple Spring Data modules found, entering strict repository configuration mode
2024-12-02T12:59:41.495+08:00  INFO 3092 --- [springmvc] [main] .s.d.r.c.RepositoryConfigurationDelegate : Bootstrapping Spring Data JDBC repositories in DEFAULT mode.
2024-12-02T12:59:41.521+08:00  INFO 3092 --- [springmvc] [main] .RepositoryConfigurationExtensionSupport : Spring Data JDBC - Could not safely identify store assignment for repository candidate interface com.example.demo.repository.backend.ScooterRepository; If you want this repository to be a JDBC repository, consider annotating your entities with one of these annotations: org.springframework.data.relational.core.mapping.Table.
2024-12-02T12:59:41.522+08:00  INFO 3092 --- [springmvc] [main] .RepositoryConfigurationExtensionSupport : Spring Data JDBC - Could not safely identify store assignment for repository candidate interface com.example.demo.repository.backend.UserRepository; If you want this repository to be a JDBC repository, consider annotating your entities with one of these annotations: org.springframework.data.relational.core.mapping.Table.
2024-12-02T12:59:41.523+08:00  INFO 3092 --- [springmvc] [main] .s.d.r.c.RepositoryConfigurationDelegate : Finished Spring Data repository scanning in 24 ms. Found 0 JDBC repository interfaces.
2024-12-02T12:59:41.531+08:00  INFO 3092 --- [springmvc] [main] .s.d.r.c.RepositoryConfigurationDelegate : Multiple Spring Data modules found, entering strict repository configuration mode
2024-12-02T12:59:41.532+08:00  INFO 3092 --- [springmvc] [main] .s.d.r.c.RepositoryConfigurationDelegate : Bootstrapping Spring Data JPA repositories in DEFAULT mode.
2024-12-02T12:59:41.557+08:00  INFO 3092 --- [springmvc] [main] .s.d.r.c.RepositoryConfigurationDelegate : Finished Spring Data repository scanning in 22 ms. Found 2 JPA repository interfaces.
2024-12-02T12:59:41.889+08:00  INFO 3092 --- [springmvc] [main] o.s.b.w.embedded.tomcat.TomcatWebServer  : Tomcat initialized with port 8086 (http)
2024-12-02T12:59:41.900+08:00  INFO 3092 --- [springmvc] [main] o.apache.catalina.core.StandardService   : Starting service [Tomcat]
2024-12-02T12:59:41.900+08:00  INFO 3092 --- [springmvc] [main] o.apache.catalina.core.StandardEngine    : Starting Servlet engine: [Apache Tomcat/10.1.33]
2024-12-02T12:59:42.014+08:00  INFO 3092 --- [springmvc] [main] org.apache.jasper.servlet.TldScanner     : At least one JAR was scanned for TLDs yet contained no TLDs. Enable debug logging for this logger for a complete list of JARs that were scanned but no TLDs were found in them. Skipping unneeded JARs during scanning can improve startup time and JSP compilation time.
2024-12-02T12:59:42.017+08:00  INFO 3092 --- [springmvc] [main] o.a.c.c.C.[Tomcat].[localhost].[/]       : Initializing Spring embedded WebApplicationContext
2024-12-02T12:59:42.017+08:00  INFO 3092 --- [springmvc] [main] w.s.c.ServletWebServerApplicationContext : Root WebApplicationContext: initialization completed in 983 ms
2024-12-02T12:59:42.117+08:00  INFO 3092 --- [springmvc] [main] o.hibernate.jpa.internal.util.LogHelper  : HHH000204: Processing PersistenceUnitInfo [name: default]
2024-12-02T12:59:42.163+08:00  INFO 3092 --- [springmvc] [main] org.hibernate.Version                    : HHH000412: Hibernate ORM core version 6.5.3.Final
2024-12-02T12:59:42.187+08:00  INFO 3092 --- [springmvc] [main] o.h.c.internal.RegionFactoryInitiator    : HHH000026: Second-level cache disabled
2024-12-02T12:59:42.387+08:00  INFO 3092 --- [springmvc] [main] o.s.o.j.p.SpringPersistenceUnitInfo      : No LoadTimeWeaver setup: ignoring JPA class transformer
2024-12-02T12:59:42.409+08:00  INFO 3092 --- [springmvc] [main] com.zaxxer.hikari.HikariDataSource       : HikariPool-1 - Starting...
2024-12-02T12:59:42.506+08:00  INFO 3092 --- [springmvc] [main] com.zaxxer.hikari.pool.HikariPool        : HikariPool-1 - Added connection com.mysql.cj.jdbc.ConnectionImpl@56872fcb
2024-12-02T12:59:42.507+08:00  INFO 3092 --- [springmvc] [main] com.zaxxer.hikari.HikariDataSource       : HikariPool-1 - Start completed.
2024-12-02T12:59:43.249+08:00  INFO 3092 --- [springmvc] [main] o.h.e.t.j.p.i.JtaPlatformInitiator       : HHH000489: No JTA platform available (set 'hibernate.transaction.jta.platform' to enable JTA platform integration)
2024-12-02T12:59:43.329+08:00  INFO 3092 --- [springmvc] [main] j.LocalContainerEntityManagerFactoryBean : Initialized JPA EntityManagerFactory for persistence unit 'default'
2024-12-02T12:59:43.564+08:00  WARN 3092 --- [springmvc] [main] JpaBaseConfiguration$JpaWebConfiguration : spring.jpa.open-in-view is enabled by default. Therefore, database queries may be performed during view rendering. Explicitly configure spring.jpa.open-in-view to disable this warning
2024-12-02T12:59:43.578+08:00  INFO 3092 --- [springmvc] [main] r$InitializeUserDetailsManagerConfigurer : Global AuthenticationManager configured with UserDetailsService bean with name inMemoryUserDetailsManager
2024-12-02T12:59:43.934+08:00  INFO 3092 --- [springmvc] [main] o.s.b.w.embedded.tomcat.TomcatWebServer  : Tomcat started on port 8086 (http) with context path '/'
2024-12-02T12:59:43.940+08:00  INFO 3092 --- [springmvc] [main] .e.d.SpringbootScootersRentalApplication : Started SpringbootScootersRentalApplication in 3.213 seconds (process running for 3.781)
2024-12-02T12:59:48.745+08:00  INFO 3092 --- [springmvc] [http-nio-8086-exec-2] o.a.c.c.C.[Tomcat].[localhost].[/]       : Initializing Spring DispatcherServlet 'dispatcherServlet'
2024-12-02T12:59:48.745+08:00  INFO 3092 --- [springmvc] [http-nio-8086-exec-2] o.s.web.servlet.DispatcherServlet        : Initializing Servlet 'dispatcherServlet'
2024-12-02T12:59:48.746+08:00  INFO 3092 --- [springmvc] [http-nio-8086-exec-2] o.s.web.servlet.DispatcherServlet        : Completed initialization in 1 ms
2024-12-02T12:59:53.458+08:00  WARN 3092 --- [springmvc] [http-nio-8086-exec-6] o.s.s.c.bcrypt.BCryptPasswordEncoder     : Encoded password does not look like BCrypt
2024-12-02T13:04:39.020+08:00  INFO 3092 --- [springmvc] [RMI TCP Connection(14)-127.0.0.1] inMXBeanRegistrar$SpringApplicationAdmin : Application shutdown requested.
2024-12-02T13:04:39.030+08:00  INFO 3092 --- [springmvc] [RMI TCP Connection(14)-127.0.0.1] j.LocalContainerEntityManagerFactoryBean : Closing JPA EntityManagerFactory for persistence unit 'default'
2024-12-02T13:04:39.031+08:00  INFO 3092 --- [springmvc] [RMI TCP Connection(14)-127.0.0.1] com.zaxxer.hikari.HikariDataSource       : HikariPool-1 - Shutdown initiated...
2024-12-02T13:04:39.035+08:00  INFO 3092 --- [springmvc] [RMI TCP Connection(14)-127.0.0.1] com.zaxxer.hikari.HikariDataSource       : HikariPool-1 - Shutdown completed.
2024-12-02T13:04:42.246+08:00  INFO 36320 --- [springmvc] [main] .e.d.SpringbootScootersRentalApplication : Starting SpringbootScootersRentalApplication using Java 21.0.4 with PID 36320 (C:\Users\pc\git\Eclipse_project\springboot-scooters-rental\target\classes started by pc in C:\Users\pc\git\Eclipse_project\springboot-scooters-rental)
2024-12-02T13:04:42.248+08:00  INFO 36320 --- [springmvc] [main] .e.d.SpringbootScootersRentalApplication : No active profile set, falling back to 1 default profile: "default"
2024-12-02T13:04:42.702+08:00  INFO 36320 --- [springmvc] [main] .s.d.r.c.RepositoryConfigurationDelegate : Multiple Spring Data modules found, entering strict repository configuration mode
2024-12-02T13:04:42.703+08:00  INFO 36320 --- [springmvc] [main] .s.d.r.c.RepositoryConfigurationDelegate : Bootstrapping Spring Data JDBC repositories in DEFAULT mode.
2024-12-02T13:04:42.732+08:00  INFO 36320 --- [springmvc] [main] .RepositoryConfigurationExtensionSupport : Spring Data JDBC - Could not safely identify store assignment for repository candidate interface com.example.demo.repository.backend.ScooterRepository; If you want this repository to be a JDBC repository, consider annotating your entities with one of these annotations: org.springframework.data.relational.core.mapping.Table.
2024-12-02T13:04:42.733+08:00  INFO 36320 --- [springmvc] [main] .RepositoryConfigurationExtensionSupport : Spring Data JDBC - Could not safely identify store assignment for repository candidate interface com.example.demo.repository.backend.UserRepository; If you want this repository to be a JDBC repository, consider annotating your entities with one of these annotations: org.springframework.data.relational.core.mapping.Table.
2024-12-02T13:04:42.733+08:00  INFO 36320 --- [springmvc] [main] .s.d.r.c.RepositoryConfigurationDelegate : Finished Spring Data repository scanning in 25 ms. Found 0 JDBC repository interfaces.
2024-12-02T13:04:42.741+08:00  INFO 36320 --- [springmvc] [main] .s.d.r.c.RepositoryConfigurationDelegate : Multiple Spring Data modules found, entering strict repository configuration mode
2024-12-02T13:04:42.742+08:00  INFO 36320 --- [springmvc] [main] .s.d.r.c.RepositoryConfigurationDelegate : Bootstrapping Spring Data JPA repositories in DEFAULT mode.
2024-12-02T13:04:42.768+08:00  INFO 36320 --- [springmvc] [main] .s.d.r.c.RepositoryConfigurationDelegate : Finished Spring Data repository scanning in 23 ms. Found 2 JPA repository interfaces.
2024-12-02T13:04:43.112+08:00  INFO 36320 --- [springmvc] [main] o.s.b.w.embedded.tomcat.TomcatWebServer  : Tomcat initialized with port 8086 (http)
2024-12-02T13:04:43.122+08:00  INFO 36320 --- [springmvc] [main] o.apache.catalina.core.StandardService   : Starting service [Tomcat]
2024-12-02T13:04:43.123+08:00  INFO 36320 --- [springmvc] [main] o.apache.catalina.core.StandardEngine    : Starting Servlet engine: [Apache Tomcat/10.1.33]
2024-12-02T13:04:43.236+08:00  INFO 36320 --- [springmvc] [main] org.apache.jasper.servlet.TldScanner     : At least one JAR was scanned for TLDs yet contained no TLDs. Enable debug logging for this logger for a complete list of JARs that were scanned but no TLDs were found in them. Skipping unneeded JARs during scanning can improve startup time and JSP compilation time.
2024-12-02T13:04:43.239+08:00  INFO 36320 --- [springmvc] [main] o.a.c.c.C.[Tomcat].[localhost].[/]       : Initializing Spring embedded WebApplicationContext
2024-12-02T13:04:43.239+08:00  INFO 36320 --- [springmvc] [main] w.s.c.ServletWebServerApplicationContext : Root WebApplicationContext: initialization completed in 960 ms
2024-12-02T13:04:43.337+08:00  INFO 36320 --- [springmvc] [main] o.hibernate.jpa.internal.util.LogHelper  : HHH000204: Processing PersistenceUnitInfo [name: default]
2024-12-02T13:04:43.383+08:00  INFO 36320 --- [springmvc] [main] org.hibernate.Version                    : HHH000412: Hibernate ORM core version 6.5.3.Final
2024-12-02T13:04:43.406+08:00  INFO 36320 --- [springmvc] [main] o.h.c.internal.RegionFactoryInitiator    : HHH000026: Second-level cache disabled
2024-12-02T13:04:43.588+08:00  INFO 36320 --- [springmvc] [main] o.s.o.j.p.SpringPersistenceUnitInfo      : No LoadTimeWeaver setup: ignoring JPA class transformer
2024-12-02T13:04:43.608+08:00  INFO 36320 --- [springmvc] [main] com.zaxxer.hikari.HikariDataSource       : HikariPool-1 - Starting...
2024-12-02T13:04:43.702+08:00  INFO 36320 --- [springmvc] [main] com.zaxxer.hikari.pool.HikariPool        : HikariPool-1 - Added connection com.mysql.cj.jdbc.ConnectionImpl@27dfd12b
2024-12-02T13:04:43.703+08:00  INFO 36320 --- [springmvc] [main] com.zaxxer.hikari.HikariDataSource       : HikariPool-1 - Start completed.
2024-12-02T13:04:44.409+08:00  INFO 36320 --- [springmvc] [main] o.h.e.t.j.p.i.JtaPlatformInitiator       : HHH000489: No JTA platform available (set 'hibernate.transaction.jta.platform' to enable JTA platform integration)
2024-12-02T13:04:44.484+08:00  INFO 36320 --- [springmvc] [main] j.LocalContainerEntityManagerFactoryBean : Initialized JPA EntityManagerFactory for persistence unit 'default'
2024-12-02T13:04:44.725+08:00  WARN 36320 --- [springmvc] [main] JpaBaseConfiguration$JpaWebConfiguration : spring.jpa.open-in-view is enabled by default. Therefore, database queries may be performed during view rendering. Explicitly configure spring.jpa.open-in-view to disable this warning
2024-12-02T13:04:44.739+08:00  INFO 36320 --- [springmvc] [main] r$InitializeUserDetailsManagerConfigurer : Global AuthenticationManager configured with UserDetailsService bean with name inMemoryUserDetailsManager
2024-12-02T13:04:45.089+08:00  INFO 36320 --- [springmvc] [main] o.s.b.w.embedded.tomcat.TomcatWebServer  : Tomcat started on port 8086 (http) with context path '/'
2024-12-02T13:04:45.095+08:00  INFO 36320 --- [springmvc] [main] .e.d.SpringbootScootersRentalApplication : Started SpringbootScootersRentalApplication in 3.104 seconds (process running for 3.501)
2024-12-02T13:11:30.558+08:00  INFO 36320 --- [springmvc] [RMI TCP Connection(13)-127.0.0.1] inMXBeanRegistrar$SpringApplicationAdmin : Application shutdown requested.
2024-12-02T13:11:30.569+08:00  INFO 36320 --- [springmvc] [RMI TCP Connection(13)-127.0.0.1] j.LocalContainerEntityManagerFactoryBean : Closing JPA EntityManagerFactory for persistence unit 'default'
2024-12-02T13:11:30.570+08:00  INFO 36320 --- [springmvc] [RMI TCP Connection(13)-127.0.0.1] com.zaxxer.hikari.HikariDataSource       : HikariPool-1 - Shutdown initiated...
2024-12-02T13:11:30.575+08:00  INFO 36320 --- [springmvc] [RMI TCP Connection(13)-127.0.0.1] com.zaxxer.hikari.HikariDataSource       : HikariPool-1 - Shutdown completed.
2024-12-02T13:15:29.980+08:00  INFO 31136 --- [springmvc] [main] .e.d.SpringbootScootersRentalApplication : Starting SpringbootScootersRentalApplication using Java 21.0.4 with PID 31136 (C:\Users\pc\git\Eclipse_project\springboot-scooters-rental\target\classes started by pc in C:\Users\pc\git\Eclipse_project\springboot-scooters-rental)
2024-12-02T13:15:29.981+08:00  INFO 31136 --- [springmvc] [main] .e.d.SpringbootScootersRentalApplication : No active profile set, falling back to 1 default profile: "default"
2024-12-02T13:15:30.456+08:00  INFO 31136 --- [springmvc] [main] .s.d.r.c.RepositoryConfigurationDelegate : Multiple Spring Data modules found, entering strict repository configuration mode
2024-12-02T13:15:30.457+08:00  INFO 31136 --- [springmvc] [main] .s.d.r.c.RepositoryConfigurationDelegate : Bootstrapping Spring Data JDBC repositories in DEFAULT mode.
2024-12-02T13:15:30.480+08:00  INFO 31136 --- [springmvc] [main] .RepositoryConfigurationExtensionSupport : Spring Data JDBC - Could not safely identify store assignment for repository candidate interface com.example.demo.repository.backend.ScooterRepository; If you want this repository to be a JDBC repository, consider annotating your entities with one of these annotations: org.springframework.data.relational.core.mapping.Table.
2024-12-02T13:15:30.481+08:00  INFO 31136 --- [springmvc] [main] .RepositoryConfigurationExtensionSupport : Spring Data JDBC - Could not safely identify store assignment for repository candidate interface com.example.demo.repository.backend.UserRepository; If you want this repository to be a JDBC repository, consider annotating your entities with one of these annotations: org.springframework.data.relational.core.mapping.Table.
2024-12-02T13:15:30.481+08:00  INFO 31136 --- [springmvc] [main] .s.d.r.c.RepositoryConfigurationDelegate : Finished Spring Data repository scanning in 21 ms. Found 0 JDBC repository interfaces.
2024-12-02T13:15:30.490+08:00  INFO 31136 --- [springmvc] [main] .s.d.r.c.RepositoryConfigurationDelegate : Multiple Spring Data modules found, entering strict repository configuration mode
2024-12-02T13:15:30.491+08:00  INFO 31136 --- [springmvc] [main] .s.d.r.c.RepositoryConfigurationDelegate : Bootstrapping Spring Data JPA repositories in DEFAULT mode.
2024-12-02T13:15:30.521+08:00  INFO 31136 --- [springmvc] [main] .s.d.r.c.RepositoryConfigurationDelegate : Finished Spring Data repository scanning in 27 ms. Found 2 JPA repository interfaces.
2024-12-02T13:15:30.877+08:00  INFO 31136 --- [springmvc] [main] o.s.b.w.embedded.tomcat.TomcatWebServer  : Tomcat initialized with port 8086 (http)
2024-12-02T13:15:30.891+08:00  INFO 31136 --- [springmvc] [main] o.apache.catalina.core.StandardService   : Starting service [Tomcat]
2024-12-02T13:15:30.892+08:00  INFO 31136 --- [springmvc] [main] o.apache.catalina.core.StandardEngine    : Starting Servlet engine: [Apache Tomcat/10.1.33]
2024-12-02T13:15:30.997+08:00  INFO 31136 --- [springmvc] [main] org.apache.jasper.servlet.TldScanner     : At least one JAR was scanned for TLDs yet contained no TLDs. Enable debug logging for this logger for a complete list of JARs that were scanned but no TLDs were found in them. Skipping unneeded JARs during scanning can improve startup time and JSP compilation time.
2024-12-02T13:15:31.000+08:00  INFO 31136 --- [springmvc] [main] o.a.c.c.C.[Tomcat].[localhost].[/]       : Initializing Spring embedded WebApplicationContext
2024-12-02T13:15:31.000+08:00  INFO 31136 --- [springmvc] [main] w.s.c.ServletWebServerApplicationContext : Root WebApplicationContext: initialization completed in 987 ms
2024-12-02T13:15:31.098+08:00  INFO 31136 --- [springmvc] [main] o.hibernate.jpa.internal.util.LogHelper  : HHH000204: Processing PersistenceUnitInfo [name: default]
2024-12-02T13:15:31.137+08:00  INFO 31136 --- [springmvc] [main] org.hibernate.Version                    : HHH000412: Hibernate ORM core version 6.5.3.Final
2024-12-02T13:15:31.167+08:00  INFO 31136 --- [springmvc] [main] o.h.c.internal.RegionFactoryInitiator    : HHH000026: Second-level cache disabled
2024-12-02T13:15:31.358+08:00  INFO 31136 --- [springmvc] [main] o.s.o.j.p.SpringPersistenceUnitInfo      : No LoadTimeWeaver setup: ignoring JPA class transformer
2024-12-02T13:15:31.380+08:00  INFO 31136 --- [springmvc] [main] com.zaxxer.hikari.HikariDataSource       : HikariPool-1 - Starting...
2024-12-02T13:15:31.479+08:00  INFO 31136 --- [springmvc] [main] com.zaxxer.hikari.pool.HikariPool        : HikariPool-1 - Added connection com.mysql.cj.jdbc.ConnectionImpl@1029cf9
2024-12-02T13:15:31.481+08:00  INFO 31136 --- [springmvc] [main] com.zaxxer.hikari.HikariDataSource       : HikariPool-1 - Start completed.
2024-12-02T13:15:32.209+08:00  INFO 31136 --- [springmvc] [main] o.h.e.t.j.p.i.JtaPlatformInitiator       : HHH000489: No JTA platform available (set 'hibernate.transaction.jta.platform' to enable JTA platform integration)
2024-12-02T13:15:32.286+08:00  INFO 31136 --- [springmvc] [main] j.LocalContainerEntityManagerFactoryBean : Initialized JPA EntityManagerFactory for persistence unit 'default'
2024-12-02T13:15:32.555+08:00  WARN 31136 --- [springmvc] [main] JpaBaseConfiguration$JpaWebConfiguration : spring.jpa.open-in-view is enabled by default. Therefore, database queries may be performed during view rendering. Explicitly configure spring.jpa.open-in-view to disable this warning
2024-12-02T13:15:32.571+08:00  INFO 31136 --- [springmvc] [main] r$InitializeUserDetailsManagerConfigurer : Global AuthenticationManager configured with UserDetailsService bean with name inMemoryUserDetailsManager
2024-12-02T13:15:32.935+08:00  INFO 31136 --- [springmvc] [main] o.s.b.w.embedded.tomcat.TomcatWebServer  : Tomcat started on port 8086 (http) with context path '/'
2024-12-02T13:15:32.939+08:00  INFO 31136 --- [springmvc] [main] .e.d.SpringbootScootersRentalApplication : Started SpringbootScootersRentalApplication in 3.218 seconds (process running for 3.64)
2024-12-02T13:15:38.257+08:00  INFO 31136 --- [springmvc] [http-nio-8086-exec-1] o.a.c.c.C.[Tomcat].[localhost].[/]       : Initializing Spring DispatcherServlet 'dispatcherServlet'
2024-12-02T13:15:38.257+08:00  INFO 31136 --- [springmvc] [http-nio-8086-exec-1] o.s.web.servlet.DispatcherServlet        : Initializing Servlet 'dispatcherServlet'
2024-12-02T13:15:38.258+08:00  INFO 31136 --- [springmvc] [http-nio-8086-exec-1] o.s.web.servlet.DispatcherServlet        : Completed initialization in 0 ms
2024-12-02T13:17:12.753+08:00  INFO 31136 --- [springmvc] [RMI TCP Connection(7)-127.0.0.1] inMXBeanRegistrar$SpringApplicationAdmin : Application shutdown requested.
2024-12-02T13:17:12.753+08:00  INFO 31136 --- [springmvc] [RMI TCP Connection(7)-127.0.0.1] j.LocalContainerEntityManagerFactoryBean : Closing JPA EntityManagerFactory for persistence unit 'default'
2024-12-02T13:17:12.753+08:00  INFO 31136 --- [springmvc] [RMI TCP Connection(7)-127.0.0.1] com.zaxxer.hikari.HikariDataSource       : HikariPool-1 - Shutdown initiated...
2024-12-02T13:17:12.768+08:00  INFO 31136 --- [springmvc] [RMI TCP Connection(7)-127.0.0.1] com.zaxxer.hikari.HikariDataSource       : HikariPool-1 - Shutdown completed.
2024-12-02T13:25:43.808+08:00  INFO 5688 --- [springmvc] [main] .e.d.SpringbootScootersRentalApplication : Starting SpringbootScootersRentalApplication using Java 21.0.4 with PID 5688 (C:\Users\pc\git\Eclipse_project\springboot-scooters-rental\target\classes started by pc in C:\Users\pc\git\Eclipse_project\springboot-scooters-rental)
2024-12-02T13:25:43.810+08:00  INFO 5688 --- [springmvc] [main] .e.d.SpringbootScootersRentalApplication : No active profile set, falling back to 1 default profile: "default"
2024-12-02T13:25:44.253+08:00  INFO 5688 --- [springmvc] [main] .s.d.r.c.RepositoryConfigurationDelegate : Multiple Spring Data modules found, entering strict repository configuration mode
2024-12-02T13:25:44.253+08:00  INFO 5688 --- [springmvc] [main] .s.d.r.c.RepositoryConfigurationDelegate : Bootstrapping Spring Data JDBC repositories in DEFAULT mode.
2024-12-02T13:25:44.276+08:00  INFO 5688 --- [springmvc] [main] .RepositoryConfigurationExtensionSupport : Spring Data JDBC - Could not safely identify store assignment for repository candidate interface com.example.demo.repository.backend.ScooterRepository; If you want this repository to be a JDBC repository, consider annotating your entities with one of these annotations: org.springframework.data.relational.core.mapping.Table.
2024-12-02T13:25:44.277+08:00  INFO 5688 --- [springmvc] [main] .RepositoryConfigurationExtensionSupport : Spring Data JDBC - Could not safely identify store assignment for repository candidate interface com.example.demo.repository.backend.UserRepository; If you want this repository to be a JDBC repository, consider annotating your entities with one of these annotations: org.springframework.data.relational.core.mapping.Table.
2024-12-02T13:25:44.277+08:00  INFO 5688 --- [springmvc] [main] .s.d.r.c.RepositoryConfigurationDelegate : Finished Spring Data repository scanning in 21 ms. Found 0 JDBC repository interfaces.
2024-12-02T13:25:44.286+08:00  INFO 5688 --- [springmvc] [main] .s.d.r.c.RepositoryConfigurationDelegate : Multiple Spring Data modules found, entering strict repository configuration mode
2024-12-02T13:25:44.287+08:00  INFO 5688 --- [springmvc] [main] .s.d.r.c.RepositoryConfigurationDelegate : Bootstrapping Spring Data JPA repositories in DEFAULT mode.
2024-12-02T13:25:44.311+08:00  INFO 5688 --- [springmvc] [main] .s.d.r.c.RepositoryConfigurationDelegate : Finished Spring Data repository scanning in 21 ms. Found 2 JPA repository interfaces.
2024-12-02T13:25:44.631+08:00  INFO 5688 --- [springmvc] [main] o.s.b.w.embedded.tomcat.TomcatWebServer  : Tomcat initialized with port 8086 (http)
2024-12-02T13:25:44.641+08:00  INFO 5688 --- [springmvc] [main] o.apache.catalina.core.StandardService   : Starting service [Tomcat]
2024-12-02T13:25:44.641+08:00  INFO 5688 --- [springmvc] [main] o.apache.catalina.core.StandardEngine    : Starting Servlet engine: [Apache Tomcat/10.1.33]
2024-12-02T13:25:44.747+08:00  INFO 5688 --- [springmvc] [main] org.apache.jasper.servlet.TldScanner     : At least one JAR was scanned for TLDs yet contained no TLDs. Enable debug logging for this logger for a complete list of JARs that were scanned but no TLDs were found in them. Skipping unneeded JARs during scanning can improve startup time and JSP compilation time.
2024-12-02T13:25:44.751+08:00  INFO 5688 --- [springmvc] [main] o.a.c.c.C.[Tomcat].[localhost].[/]       : Initializing Spring embedded WebApplicationContext
2024-12-02T13:25:44.751+08:00  INFO 5688 --- [springmvc] [main] w.s.c.ServletWebServerApplicationContext : Root WebApplicationContext: initialization completed in 911 ms
2024-12-02T13:25:44.852+08:00  INFO 5688 --- [springmvc] [main] o.hibernate.jpa.internal.util.LogHelper  : HHH000204: Processing PersistenceUnitInfo [name: default]
2024-12-02T13:25:44.896+08:00  INFO 5688 --- [springmvc] [main] org.hibernate.Version                    : HHH000412: Hibernate ORM core version 6.5.3.Final
2024-12-02T13:25:44.920+08:00  INFO 5688 --- [springmvc] [main] o.h.c.internal.RegionFactoryInitiator    : HHH000026: Second-level cache disabled
2024-12-02T13:25:45.114+08:00  INFO 5688 --- [springmvc] [main] o.s.o.j.p.SpringPersistenceUnitInfo      : No LoadTimeWeaver setup: ignoring JPA class transformer
2024-12-02T13:25:45.136+08:00  INFO 5688 --- [springmvc] [main] com.zaxxer.hikari.HikariDataSource       : HikariPool-1 - Starting...
2024-12-02T13:25:45.239+08:00  INFO 5688 --- [springmvc] [main] com.zaxxer.hikari.pool.HikariPool        : HikariPool-1 - Added connection com.mysql.cj.jdbc.ConnectionImpl@27dfd12b
2024-12-02T13:25:45.240+08:00  INFO 5688 --- [springmvc] [main] com.zaxxer.hikari.HikariDataSource       : HikariPool-1 - Start completed.
2024-12-02T13:25:45.959+08:00  INFO 5688 --- [springmvc] [main] o.h.e.t.j.p.i.JtaPlatformInitiator       : HHH000489: No JTA platform available (set 'hibernate.transaction.jta.platform' to enable JTA platform integration)
2024-12-02T13:25:46.045+08:00  INFO 5688 --- [springmvc] [main] j.LocalContainerEntityManagerFactoryBean : Initialized JPA EntityManagerFactory for persistence unit 'default'
2024-12-02T13:25:46.290+08:00  WARN 5688 --- [springmvc] [main] JpaBaseConfiguration$JpaWebConfiguration : spring.jpa.open-in-view is enabled by default. Therefore, database queries may be performed during view rendering. Explicitly configure spring.jpa.open-in-view to disable this warning
2024-12-02T13:25:46.305+08:00  INFO 5688 --- [springmvc] [main] r$InitializeUserDetailsManagerConfigurer : Global AuthenticationManager configured with UserDetailsService bean with name inMemoryUserDetailsManager
2024-12-02T13:25:46.665+08:00  INFO 5688 --- [springmvc] [main] o.s.b.w.embedded.tomcat.TomcatWebServer  : Tomcat started on port 8086 (http) with context path '/'
2024-12-02T13:25:46.672+08:00  INFO 5688 --- [springmvc] [main] .e.d.SpringbootScootersRentalApplication : Started SpringbootScootersRentalApplication in 3.176 seconds (process running for 3.62)
2024-12-02T13:25:58.186+08:00  INFO 5688 --- [springmvc] [http-nio-8086-exec-2] o.a.c.c.C.[Tomcat].[localhost].[/]       : Initializing Spring DispatcherServlet 'dispatcherServlet'
2024-12-02T13:25:58.186+08:00  INFO 5688 --- [springmvc] [http-nio-8086-exec-2] o.s.web.servlet.DispatcherServlet        : Initializing Servlet 'dispatcherServlet'
2024-12-02T13:25:58.187+08:00  INFO 5688 --- [springmvc] [http-nio-8086-exec-2] o.s.web.servlet.DispatcherServlet        : Completed initialization in 1 ms
2024-12-02T13:27:21.839+08:00  INFO 5688 --- [springmvc] [RMI TCP Connection(7)-127.0.0.1] inMXBeanRegistrar$SpringApplicationAdmin : Application shutdown requested.
2024-12-02T13:27:21.851+08:00  INFO 5688 --- [springmvc] [RMI TCP Connection(7)-127.0.0.1] j.LocalContainerEntityManagerFactoryBean : Closing JPA EntityManagerFactory for persistence unit 'default'
2024-12-02T13:27:21.852+08:00  INFO 5688 --- [springmvc] [RMI TCP Connection(7)-127.0.0.1] com.zaxxer.hikari.HikariDataSource       : HikariPool-1 - Shutdown initiated...
2024-12-02T13:27:21.857+08:00  INFO 5688 --- [springmvc] [RMI TCP Connection(7)-127.0.0.1] com.zaxxer.hikari.HikariDataSource       : HikariPool-1 - Shutdown completed.
2024-12-02T13:40:50.227+08:00  INFO 34576 --- [springmvc] [main] .e.d.SpringbootScootersRentalApplication : Starting SpringbootScootersRentalApplication using Java 21.0.4 with PID 34576 (C:\Users\pc\git\Eclipse_project\springboot-scooters-rental\target\classes started by pc in C:\Users\pc\git\Eclipse_project\springboot-scooters-rental)
2024-12-02T13:40:50.228+08:00  INFO 34576 --- [springmvc] [main] .e.d.SpringbootScootersRentalApplication : No active profile set, falling back to 1 default profile: "default"
2024-12-02T13:40:50.676+08:00  INFO 34576 --- [springmvc] [main] .s.d.r.c.RepositoryConfigurationDelegate : Multiple Spring Data modules found, entering strict repository configuration mode
2024-12-02T13:40:50.677+08:00  INFO 34576 --- [springmvc] [main] .s.d.r.c.RepositoryConfigurationDelegate : Bootstrapping Spring Data JDBC repositories in DEFAULT mode.
2024-12-02T13:40:50.702+08:00  INFO 34576 --- [springmvc] [main] .RepositoryConfigurationExtensionSupport : Spring Data JDBC - Could not safely identify store assignment for repository candidate interface com.example.demo.repository.backend.ScooterRepository; If you want this repository to be a JDBC repository, consider annotating your entities with one of these annotations: org.springframework.data.relational.core.mapping.Table.
2024-12-02T13:40:50.703+08:00  INFO 34576 --- [springmvc] [main] .RepositoryConfigurationExtensionSupport : Spring Data JDBC - Could not safely identify store assignment for repository candidate interface com.example.demo.repository.backend.UserRepository; If you want this repository to be a JDBC repository, consider annotating your entities with one of these annotations: org.springframework.data.relational.core.mapping.Table.
2024-12-02T13:40:50.704+08:00  INFO 34576 --- [springmvc] [main] .s.d.r.c.RepositoryConfigurationDelegate : Finished Spring Data repository scanning in 24 ms. Found 0 JDBC repository interfaces.
2024-12-02T13:40:50.714+08:00  INFO 34576 --- [springmvc] [main] .s.d.r.c.RepositoryConfigurationDelegate : Multiple Spring Data modules found, entering strict repository configuration mode
2024-12-02T13:40:50.714+08:00  INFO 34576 --- [springmvc] [main] .s.d.r.c.RepositoryConfigurationDelegate : Bootstrapping Spring Data JPA repositories in DEFAULT mode.
2024-12-02T13:40:50.740+08:00  INFO 34576 --- [springmvc] [main] .s.d.r.c.RepositoryConfigurationDelegate : Finished Spring Data repository scanning in 23 ms. Found 2 JPA repository interfaces.
2024-12-02T13:40:51.082+08:00  INFO 34576 --- [springmvc] [main] o.s.b.w.embedded.tomcat.TomcatWebServer  : Tomcat initialized with port 8086 (http)
2024-12-02T13:40:51.093+08:00  INFO 34576 --- [springmvc] [main] o.apache.catalina.core.StandardService   : Starting service [Tomcat]
2024-12-02T13:40:51.093+08:00  INFO 34576 --- [springmvc] [main] o.apache.catalina.core.StandardEngine    : Starting Servlet engine: [Apache Tomcat/10.1.33]
2024-12-02T13:40:51.205+08:00  INFO 34576 --- [springmvc] [main] org.apache.jasper.servlet.TldScanner     : At least one JAR was scanned for TLDs yet contained no TLDs. Enable debug logging for this logger for a complete list of JARs that were scanned but no TLDs were found in them. Skipping unneeded JARs during scanning can improve startup time and JSP compilation time.
2024-12-02T13:40:51.209+08:00  INFO 34576 --- [springmvc] [main] o.a.c.c.C.[Tomcat].[localhost].[/]       : Initializing Spring embedded WebApplicationContext
2024-12-02T13:40:51.209+08:00  INFO 34576 --- [springmvc] [main] w.s.c.ServletWebServerApplicationContext : Root WebApplicationContext: initialization completed in 954 ms
2024-12-02T13:40:51.307+08:00  INFO 34576 --- [springmvc] [main] o.hibernate.jpa.internal.util.LogHelper  : HHH000204: Processing PersistenceUnitInfo [name: default]
2024-12-02T13:40:51.353+08:00  INFO 34576 --- [springmvc] [main] org.hibernate.Version                    : HHH000412: Hibernate ORM core version 6.5.3.Final
2024-12-02T13:40:51.376+08:00  INFO 34576 --- [springmvc] [main] o.h.c.internal.RegionFactoryInitiator    : HHH000026: Second-level cache disabled
2024-12-02T13:40:51.567+08:00  INFO 34576 --- [springmvc] [main] o.s.o.j.p.SpringPersistenceUnitInfo      : No LoadTimeWeaver setup: ignoring JPA class transformer
2024-12-02T13:40:51.587+08:00  INFO 34576 --- [springmvc] [main] com.zaxxer.hikari.HikariDataSource       : HikariPool-1 - Starting...
2024-12-02T13:40:51.687+08:00  INFO 34576 --- [springmvc] [main] com.zaxxer.hikari.pool.HikariPool        : HikariPool-1 - Added connection com.mysql.cj.jdbc.ConnectionImpl@1171ba7e
2024-12-02T13:40:51.689+08:00  INFO 34576 --- [springmvc] [main] com.zaxxer.hikari.HikariDataSource       : HikariPool-1 - Start completed.
2024-12-02T13:40:52.422+08:00  INFO 34576 --- [springmvc] [main] o.h.e.t.j.p.i.JtaPlatformInitiator       : HHH000489: No JTA platform available (set 'hibernate.transaction.jta.platform' to enable JTA platform integration)
2024-12-02T13:40:52.513+08:00  INFO 34576 --- [springmvc] [main] j.LocalContainerEntityManagerFactoryBean : Initialized JPA EntityManagerFactory for persistence unit 'default'
2024-12-02T13:40:52.761+08:00  WARN 34576 --- [springmvc] [main] JpaBaseConfiguration$JpaWebConfiguration : spring.jpa.open-in-view is enabled by default. Therefore, database queries may be performed during view rendering. Explicitly configure spring.jpa.open-in-view to disable this warning
2024-12-02T13:40:52.775+08:00  INFO 34576 --- [springmvc] [main] r$InitializeUserDetailsManagerConfigurer : Global AuthenticationManager configured with UserDetailsService bean with name inMemoryUserDetailsManager
2024-12-02T13:40:53.151+08:00  INFO 34576 --- [springmvc] [main] o.s.b.w.embedded.tomcat.TomcatWebServer  : Tomcat started on port 8086 (http) with context path '/'
2024-12-02T13:40:53.156+08:00  INFO 34576 --- [springmvc] [main] .e.d.SpringbootScootersRentalApplication : Started SpringbootScootersRentalApplication in 3.212 seconds (process running for 3.642)
2024-12-02T13:40:59.684+08:00  INFO 34576 --- [springmvc] [http-nio-8086-exec-1] o.a.c.c.C.[Tomcat].[localhost].[/]       : Initializing Spring DispatcherServlet 'dispatcherServlet'
2024-12-02T13:40:59.685+08:00  INFO 34576 --- [springmvc] [http-nio-8086-exec-1] o.s.web.servlet.DispatcherServlet        : Initializing Servlet 'dispatcherServlet'
2024-12-02T13:40:59.685+08:00  INFO 34576 --- [springmvc] [http-nio-8086-exec-1] o.s.web.servlet.DispatcherServlet        : Completed initialization in 0 ms
2024-12-02T13:42:52.879+08:00  INFO 34576 --- [springmvc] [RMI TCP Connection(5)-127.0.0.1] inMXBeanRegistrar$SpringApplicationAdmin : Application shutdown requested.
2024-12-02T13:42:52.890+08:00  INFO 34576 --- [springmvc] [RMI TCP Connection(5)-127.0.0.1] j.LocalContainerEntityManagerFactoryBean : Closing JPA EntityManagerFactory for persistence unit 'default'
2024-12-02T13:42:52.892+08:00  INFO 34576 --- [springmvc] [RMI TCP Connection(5)-127.0.0.1] com.zaxxer.hikari.HikariDataSource       : HikariPool-1 - Shutdown initiated...
2024-12-02T13:42:52.897+08:00  INFO 34576 --- [springmvc] [RMI TCP Connection(5)-127.0.0.1] com.zaxxer.hikari.HikariDataSource       : HikariPool-1 - Shutdown completed.
